

*******************************************************************************
Sun Jul  6 15:29:59 2014


FIT:    data read from 'v1.txt' u 1:((($2-761)/100000)**2)
        format = x:z
	y range restricted to [0.00000 : *]
        #datapoints = 28
        residuals are weighted equally (unit weight)

function used for fitting: f(x)
fitted parameters initialized with current variable values



 Iteration 0
 WSSR        : 6.96603e+06       delta(WSSR)/WSSR   : 0
 delta(WSSR) : 0                 limit for stopping : 1e-05
 lambda	  : 352.079

initial set of free parameter values

a               = 1
b               = 1

After 7 iterations the fit converged.
final sum of squares of residuals : 5.10465e-14
rel. change during last iteration : -2.04749e-09

degrees of freedom    (FIT_NDF)                        : 26
rms of residuals      (FIT_STDFIT) = sqrt(WSSR/ndf)    : 4.43094e-08
variance of residuals (reduced chisquare) = WSSR/ndf   : 1.96333e-15

Final set of parameters            Asymptotic Standard Error
=======================            ==========================

a               = 9.85422e-10      +/- 3.429e-11    (3.48%)
b               = -1.01431e-07     +/- 1.708e-08    (16.83%)


correlation matrix of the fit parameters:

               a      b      
a               1.000 
b              -0.871  1.000 


*******************************************************************************
Sun Jul  6 15:30:43 2014


FIT:    data read from 'v1ges.txt' u 1:((($2-761)/100000)**2)
        format = x:z
	y range restricted to [0.00000 : *]
        #datapoints = 62
        residuals are weighted equally (unit weight)

function used for fitting: f(x)
fitted parameters initialized with current variable values



 Iteration 0
 WSSR        : 7.33538e+07       delta(WSSR)/WSSR   : 0
 delta(WSSR) : 0                 limit for stopping : 1e-05
 lambda	  : 768.517

initial set of free parameter values

a               = 1
b               = 1

After 7 iterations the fit converged.
final sum of squares of residuals : 1.0148e-12
rel. change during last iteration : -3.02467e-08

degrees of freedom    (FIT_NDF)                        : 60
rms of residuals      (FIT_STDFIT) = sqrt(WSSR/ndf)    : 1.30051e-07
variance of residuals (reduced chisquare) = WSSR/ndf   : 1.69133e-14

Final set of parameters            Asymptotic Standard Error
=======================            ==========================

a               = 1.63382e-09      +/- 3.072e-11    (1.88%)
b               = -3.72493e-07     +/- 3.338e-08    (8.962%)


correlation matrix of the fit parameters:

               a      b      
a               1.000 
b              -0.869  1.000 


*******************************************************************************
Sun Jul  6 15:38:11 2014


FIT:    data read from 'v1ges.txt' u 1:((($2-761)/100000)**2)
        format = x:z
	y range restricted to [0.00000 : *]
        #datapoints = 62
        residuals are weighted equally (unit weight)

function used for fitting: f(x)
fitted parameters initialized with current variable values



 Iteration 0
 WSSR        : 7.33538e+07       delta(WSSR)/WSSR   : 0
 delta(WSSR) : 0                 limit for stopping : 1e-05
 lambda	  : 768.517

initial set of free parameter values

a               = 1
b               = 1

After 7 iterations the fit converged.
final sum of squares of residuals : 1.0148e-12
rel. change during last iteration : -3.02467e-08

degrees of freedom    (FIT_NDF)                        : 60
rms of residuals      (FIT_STDFIT) = sqrt(WSSR/ndf)    : 1.30051e-07
variance of residuals (reduced chisquare) = WSSR/ndf   : 1.69133e-14

Final set of parameters            Asymptotic Standard Error
=======================            ==========================

a               = 1.63382e-09      +/- 3.072e-11    (1.88%)
b               = -3.72493e-07     +/- 3.338e-08    (8.962%)


correlation matrix of the fit parameters:

               a      b      
a               1.000 
b              -0.869  1.000 


*******************************************************************************
Sun Jul  6 15:48:08 2014


FIT:    data read from 'v1ges.txt' u 1:((($2-761)/100000)**2)
        format = x:z
	y range restricted to [0.00000 : *]
        #datapoints = 62
        residuals are weighted equally (unit weight)

function used for fitting: f(x)
fitted parameters initialized with current variable values



 Iteration 0
 WSSR        : 7.33538e+07       delta(WSSR)/WSSR   : 0
 delta(WSSR) : 0                 limit for stopping : 1e-05
 lambda	  : 768.517

initial set of free parameter values

a               = 1
b               = 1

After 7 iterations the fit converged.
final sum of squares of residuals : 1.0148e-12
rel. change during last iteration : -3.02467e-08

degrees of freedom    (FIT_NDF)                        : 60
rms of residuals      (FIT_STDFIT) = sqrt(WSSR/ndf)    : 1.30051e-07
variance of residuals (reduced chisquare) = WSSR/ndf   : 1.69133e-14

Final set of parameters            Asymptotic Standard Error
=======================            ==========================

a               = 1.63382e-09      +/- 3.072e-11    (1.88%)
b               = -3.72493e-07     +/- 3.338e-08    (8.962%)


correlation matrix of the fit parameters:

               a      b      
a               1.000 
b              -0.869  1.000 


*******************************************************************************
Sun Jul  6 15:49:39 2014


FIT:    data read from 'v1ges.txt' u 1:((($2-761)/100000)**2)
        format = x:z
	y range restricted to [0.00000 : *]
        #datapoints = 62
        residuals are weighted equally (unit weight)

function used for fitting: f(x)
fitted parameters initialized with current variable values



 Iteration 0
 WSSR        : 7.33538e+07       delta(WSSR)/WSSR   : 0
 delta(WSSR) : 0                 limit for stopping : 1e-05
 lambda	  : 768.517

initial set of free parameter values

a               = 1
b               = 1

After 7 iterations the fit converged.
final sum of squares of residuals : 1.0148e-12
rel. change during last iteration : -3.02467e-08

degrees of freedom    (FIT_NDF)                        : 60
rms of residuals      (FIT_STDFIT) = sqrt(WSSR/ndf)    : 1.30051e-07
variance of residuals (reduced chisquare) = WSSR/ndf   : 1.69133e-14

Final set of parameters            Asymptotic Standard Error
=======================            ==========================

a               = 1.63382e-09      +/- 3.072e-11    (1.88%)
b               = -3.72493e-07     +/- 3.338e-08    (8.962%)


correlation matrix of the fit parameters:

               a      b      
a               1.000 
b              -0.869  1.000 


*******************************************************************************
Sun Jul  6 15:51:50 2014


FIT:    data read from 'v1ges.txt' u 1:((($2-761)/100000)**2)
        format = x:z
	y range restricted to [0.00000 : *]
        #datapoints = 62
        residuals are weighted equally (unit weight)

function used for fitting: f(x)
fitted parameters initialized with current variable values



 Iteration 0
 WSSR        : 7.33538e+07       delta(WSSR)/WSSR   : 0
 delta(WSSR) : 0                 limit for stopping : 1e-05
 lambda	  : 768.517

initial set of free parameter values

a               = 1
b               = 1

After 7 iterations the fit converged.
final sum of squares of residuals : 1.0148e-12
rel. change during last iteration : -3.02467e-08

degrees of freedom    (FIT_NDF)                        : 60
rms of residuals      (FIT_STDFIT) = sqrt(WSSR/ndf)    : 1.30051e-07
variance of residuals (reduced chisquare) = WSSR/ndf   : 1.69133e-14

Final set of parameters            Asymptotic Standard Error
=======================            ==========================

a               = 1.63382e-09      +/- 3.072e-11    (1.88%)
b               = -3.72493e-07     +/- 3.338e-08    (8.962%)


correlation matrix of the fit parameters:

               a      b      
a               1.000 
b              -0.869  1.000 


*******************************************************************************
Sun Jul  6 15:52:09 2014


FIT:    data read from 'v1ges.txt' u 1:((($2-761)/100000)**2)
        format = x:z
	y range restricted to [0.00000 : *]
        #datapoints = 62
        residuals are weighted equally (unit weight)

function used for fitting: f(x)
fitted parameters initialized with current variable values



 Iteration 0
 WSSR        : 7.33538e+07       delta(WSSR)/WSSR   : 0
 delta(WSSR) : 0                 limit for stopping : 1e-05
 lambda	  : 768.517

initial set of free parameter values

a               = 1
b               = 1

After 7 iterations the fit converged.
final sum of squares of residuals : 1.0148e-12
rel. change during last iteration : -3.02467e-08

degrees of freedom    (FIT_NDF)                        : 60
rms of residuals      (FIT_STDFIT) = sqrt(WSSR/ndf)    : 1.30051e-07
variance of residuals (reduced chisquare) = WSSR/ndf   : 1.69133e-14

Final set of parameters            Asymptotic Standard Error
=======================            ==========================

a               = 1.63382e-09      +/- 3.072e-11    (1.88%)
b               = -3.72493e-07     +/- 3.338e-08    (8.962%)


correlation matrix of the fit parameters:

               a      b      
a               1.000 
b              -0.869  1.000 


*******************************************************************************
Sun Jul  6 16:03:33 2014


FIT:    data read from 'v1ges.txt' u 1:((($2-761)/100000)**2)
        format = x:z
	y range restricted to [0.00000 : *]
        #datapoints = 62
        residuals are weighted equally (unit weight)

function used for fitting: f(x)
fitted parameters initialized with current variable values



 Iteration 0
 WSSR        : 7.32366e+07       delta(WSSR)/WSSR   : 0
 delta(WSSR) : 0                 limit for stopping : 1e-05
 lambda	  : 1086.85

initial set of free parameter values

a               = 1

After 5 iterations the fit converged.
final sum of squares of residuals : 3.1204e-12
rel. change during last iteration : -2.58875e-16

degrees of freedom    (FIT_NDF)                        : 61
rms of residuals      (FIT_STDFIT) = sqrt(WSSR/ndf)    : 2.26173e-07
variance of residuals (reduced chisquare) = WSSR/ndf   : 5.11542e-14

Final set of parameters            Asymptotic Standard Error
=======================            ==========================

a               = 1.33598e-09      +/- 2.643e-11    (1.978%)


correlation matrix of the fit parameters:

               a      
a               1.000 


*******************************************************************************
Sun Jul  6 16:11:46 2014


FIT:    data read from 'v1ges.txt' u 1:((($2-761)/100000)**2)
        format = x:z
	y range restricted to [0.00000 : *]
        #datapoints = 62
        residuals are weighted equally (unit weight)

function used for fitting: f(x)
fitted parameters initialized with current variable values



 Iteration 0
 WSSR        : 7.32366e+07       delta(WSSR)/WSSR   : 0
 delta(WSSR) : 0                 limit for stopping : 1e-05
 lambda	  : 1086.85

initial set of free parameter values

a               = 1

After 5 iterations the fit converged.
final sum of squares of residuals : 3.1204e-12
rel. change during last iteration : -2.58875e-16

degrees of freedom    (FIT_NDF)                        : 61
rms of residuals      (FIT_STDFIT) = sqrt(WSSR/ndf)    : 2.26173e-07
variance of residuals (reduced chisquare) = WSSR/ndf   : 5.11542e-14

Final set of parameters            Asymptotic Standard Error
=======================            ==========================

a               = 1.33598e-09      +/- 2.643e-11    (1.978%)


correlation matrix of the fit parameters:

               a      
a               1.000 


*******************************************************************************
Sun Jul  6 16:11:58 2014


FIT:    data read from 'v1ges.txt' u 1:((($2-761)/100000)**2)
        format = x:z
	y range restricted to [0.00000 : *]
        #datapoints = 62
        residuals are weighted equally (unit weight)

function used for fitting: f(x)
fitted parameters initialized with current variable values



 Iteration 0
 WSSR        : 7.32366e+07       delta(WSSR)/WSSR   : 0
 delta(WSSR) : 0                 limit for stopping : 1e-05
 lambda	  : 1086.85

initial set of free parameter values

a               = 1

After 5 iterations the fit converged.
final sum of squares of residuals : 3.1204e-12
rel. change during last iteration : -2.58875e-16

degrees of freedom    (FIT_NDF)                        : 61
rms of residuals      (FIT_STDFIT) = sqrt(WSSR/ndf)    : 2.26173e-07
variance of residuals (reduced chisquare) = WSSR/ndf   : 5.11542e-14

Final set of parameters            Asymptotic Standard Error
=======================            ==========================

a               = 1.33598e-09      +/- 2.643e-11    (1.978%)


correlation matrix of the fit parameters:

               a      
a               1.000 


*******************************************************************************
Sun Jul  6 16:12:19 2014


FIT:    data read from 'v1ges.txt' u 1:((($2-761)/100000)**2)
        format = x:z
	y range restricted to [0.00000 : *]
        #datapoints = 62
        residuals are weighted equally (unit weight)

function used for fitting: f(x)
fitted parameters initialized with current variable values



 Iteration 0
 WSSR        : 7.32366e+07       delta(WSSR)/WSSR   : 0
 delta(WSSR) : 0                 limit for stopping : 1e-05
 lambda	  : 1086.85

initial set of free parameter values

a               = 1

After 5 iterations the fit converged.
final sum of squares of residuals : 3.1204e-12
rel. change during last iteration : -2.58875e-16

degrees of freedom    (FIT_NDF)                        : 61
rms of residuals      (FIT_STDFIT) = sqrt(WSSR/ndf)    : 2.26173e-07
variance of residuals (reduced chisquare) = WSSR/ndf   : 5.11542e-14

Final set of parameters            Asymptotic Standard Error
=======================            ==========================

a               = 1.33598e-09      +/- 2.643e-11    (1.978%)


correlation matrix of the fit parameters:

               a      
a               1.000 


*******************************************************************************
Sun Jul  6 16:12:46 2014


FIT:    data read from 'v1ges.txt' u 1:((($2-761)/100000)**2)
        format = x:z
	y range restricted to [0.00000 : *]
        #datapoints = 62
        residuals are weighted equally (unit weight)

function used for fitting: f(x)
fitted parameters initialized with current variable values



 Iteration 0
 WSSR        : 7.32366e+07       delta(WSSR)/WSSR   : 0
 delta(WSSR) : 0                 limit for stopping : 1e-05
 lambda	  : 1086.85

initial set of free parameter values

a               = 1

After 5 iterations the fit converged.
final sum of squares of residuals : 3.1204e-12
rel. change during last iteration : -2.58875e-16

degrees of freedom    (FIT_NDF)                        : 61
rms of residuals      (FIT_STDFIT) = sqrt(WSSR/ndf)    : 2.26173e-07
variance of residuals (reduced chisquare) = WSSR/ndf   : 5.11542e-14

Final set of parameters            Asymptotic Standard Error
=======================            ==========================

a               = 1.33598e-09      +/- 2.643e-11    (1.978%)


correlation matrix of the fit parameters:

               a      
a               1.000 
