

*******************************************************************************
Sun Jul  6 14:54:55 2014


FIT:    data read from 'v1.txt' u 1:(($2/100000)**2)
        format = x:z
        x range restricted to [0.00000 : *]
        #datapoints = 28
        residuals are weighted equally (unit weight)

function used for fitting: f(x)
fitted parameters initialized with current variable values



 Iteration 0
 WSSR        : 6.96603e+06       delta(WSSR)/WSSR   : 0
 delta(WSSR) : 0                 limit for stopping : 1e-05
 lambda	  : 352.079

initial set of free parameter values

a               = 1
b               = 1

After 7 iterations the fit converged.
final sum of squares of residuals : 3.07697e-12
rel. change during last iteration : -3.3969e-11

degrees of freedom    (FIT_NDF)                        : 26
rms of residuals      (FIT_STDFIT) = sqrt(WSSR/ndf)    : 3.44013e-07
variance of residuals (reduced chisquare) = WSSR/ndf   : 1.18345e-13

Final set of parameters            Asymptotic Standard Error
=======================            ==========================

a               = 1.61145e-08      +/- 2.662e-10    (1.652%)
b               = 5.91058e-05      +/- 1.326e-07    (0.2243%)


correlation matrix of the fit parameters:

               a      b      
a               1.000 
b              -0.871  1.000 


*******************************************************************************
Sun Jul  6 14:58:31 2014


FIT:    data read from 'v1.txt' u 1:(($2/100000)**2)
        format = x:z
        x range restricted to [0.00000 : *]
        #datapoints = 28
        residuals are weighted equally (unit weight)

function used for fitting: f(x)
fitted parameters initialized with current variable values



 Iteration 0
 WSSR        : 6.96603e+06       delta(WSSR)/WSSR   : 0
 delta(WSSR) : 0                 limit for stopping : 1e-05
 lambda	  : 352.079

initial set of free parameter values

a               = 1
b               = 1

After 7 iterations the fit converged.
final sum of squares of residuals : 3.07697e-12
rel. change during last iteration : -3.3969e-11

degrees of freedom    (FIT_NDF)                        : 26
rms of residuals      (FIT_STDFIT) = sqrt(WSSR/ndf)    : 3.44013e-07
variance of residuals (reduced chisquare) = WSSR/ndf   : 1.18345e-13

Final set of parameters            Asymptotic Standard Error
=======================            ==========================

a               = 1.61145e-08      +/- 2.662e-10    (1.652%)
b               = 5.91058e-05      +/- 1.326e-07    (0.2243%)


correlation matrix of the fit parameters:

               a      b      
a               1.000 
b              -0.871  1.000 


*******************************************************************************
Sun Jul  6 14:58:41 2014


FIT:    data read from 'v1.txt' u 1:(($2/100000)**2)
        format = x:z
        x range restricted to [0.00000 : *]
        #datapoints = 28
        residuals are weighted equally (unit weight)

function used for fitting: f(x)
fitted parameters initialized with current variable values



 Iteration 0
 WSSR        : 6.96603e+06       delta(WSSR)/WSSR   : 0
 delta(WSSR) : 0                 limit for stopping : 1e-05
 lambda	  : 352.079

initial set of free parameter values

a               = 1
b               = 1

After 7 iterations the fit converged.
final sum of squares of residuals : 3.07697e-12
rel. change during last iteration : -3.3969e-11

degrees of freedom    (FIT_NDF)                        : 26
rms of residuals      (FIT_STDFIT) = sqrt(WSSR/ndf)    : 3.44013e-07
variance of residuals (reduced chisquare) = WSSR/ndf   : 1.18345e-13

Final set of parameters            Asymptotic Standard Error
=======================            ==========================

a               = 1.61145e-08      +/- 2.662e-10    (1.652%)
b               = 5.91058e-05      +/- 1.326e-07    (0.2243%)


correlation matrix of the fit parameters:

               a      b      
a               1.000 
b              -0.871  1.000 


*******************************************************************************
Sun Jul  6 14:59:45 2014


FIT:    data read from 'v1.txt' u 1:(($2/100000)**2)
        format = x:z
        x range restricted to [0.00000 : *]
        #datapoints = 28
        residuals are weighted equally (unit weight)

function used for fitting: f(x)
fitted parameters initialized with current variable values



 Iteration 0
 WSSR        : 6.96603e+06       delta(WSSR)/WSSR   : 0
 delta(WSSR) : 0                 limit for stopping : 1e-05
 lambda	  : 352.079

initial set of free parameter values

a               = 1
b               = 1

After 7 iterations the fit converged.
final sum of squares of residuals : 3.07697e-12
rel. change during last iteration : -3.3969e-11

degrees of freedom    (FIT_NDF)                        : 26
rms of residuals      (FIT_STDFIT) = sqrt(WSSR/ndf)    : 3.44013e-07
variance of residuals (reduced chisquare) = WSSR/ndf   : 1.18345e-13

Final set of parameters            Asymptotic Standard Error
=======================            ==========================

a               = 1.61145e-08      +/- 2.662e-10    (1.652%)
b               = 5.91058e-05      +/- 1.326e-07    (0.2243%)


correlation matrix of the fit parameters:

               a      b      
a               1.000 
b              -0.871  1.000 


*******************************************************************************
Sun Jul  6 14:59:59 2014


FIT:    data read from 'v1.txt' u 1:(($2/100000)**2)
        format = x:z
        x range restricted to [0.00000 : *]
        #datapoints = 28
        residuals are weighted equally (unit weight)

function used for fitting: f(x)
fitted parameters initialized with current variable values



 Iteration 0
 WSSR        : 6.96603e+06       delta(WSSR)/WSSR   : 0
 delta(WSSR) : 0                 limit for stopping : 1e-05
 lambda	  : 352.079

initial set of free parameter values

a               = 1
b               = 1

After 7 iterations the fit converged.
final sum of squares of residuals : 3.07697e-12
rel. change during last iteration : -3.3969e-11

degrees of freedom    (FIT_NDF)                        : 26
rms of residuals      (FIT_STDFIT) = sqrt(WSSR/ndf)    : 3.44013e-07
variance of residuals (reduced chisquare) = WSSR/ndf   : 1.18345e-13

Final set of parameters            Asymptotic Standard Error
=======================            ==========================

a               = 1.61145e-08      +/- 2.662e-10    (1.652%)
b               = 5.91058e-05      +/- 1.326e-07    (0.2243%)


correlation matrix of the fit parameters:

               a      b      
a               1.000 
b              -0.871  1.000 


*******************************************************************************
Sun Jul  6 15:06:56 2014


FIT:    data read from 'v1.txt' u 1:(($2/100000)**2)
        format = x:z
        x range restricted to [0.00000 : *]
        #datapoints = 28
        residuals are weighted equally (unit weight)

function used for fitting: f(x)
fitted parameters initialized with current variable values



 Iteration 0
 WSSR        : 6.96603e+06       delta(WSSR)/WSSR   : 0
 delta(WSSR) : 0                 limit for stopping : 1e-05
 lambda	  : 352.079

initial set of free parameter values

a               = 1
b               = 1

After 7 iterations the fit converged.
final sum of squares of residuals : 3.07697e-12
rel. change during last iteration : -3.3969e-11

degrees of freedom    (FIT_NDF)                        : 26
rms of residuals      (FIT_STDFIT) = sqrt(WSSR/ndf)    : 3.44013e-07
variance of residuals (reduced chisquare) = WSSR/ndf   : 1.18345e-13

Final set of parameters            Asymptotic Standard Error
=======================            ==========================

a               = 1.61145e-08      +/- 2.662e-10    (1.652%)
b               = 5.91058e-05      +/- 1.326e-07    (0.2243%)


correlation matrix of the fit parameters:

               a      b      
a               1.000 
b              -0.871  1.000 
